[2026-03-10T10:19:32.462+0000] {manager.py:483} INFO - Processing files using up to 2 processes at a time 
[2026-03-10T10:19:32.462+0000] {manager.py:484} INFO - Process each file at most once every 30 seconds
[2026-03-10T10:19:32.463+0000] {manager.py:485} INFO - Checking for new files in /opt/airflow/dags every 300 seconds
[2026-03-10T10:19:32.463+0000] {manager.py:821} INFO - Searching for files in /opt/airflow/dags
[2026-03-10T10:19:32.465+0000] {manager.py:824} INFO - There are 0 files in /opt/airflow/dags
[2026-03-10T10:24:32.767+0000] {manager.py:821} INFO - Searching for files in /opt/airflow/dags
[2026-03-10T10:24:32.776+0000] {manager.py:824} INFO - There are 1 files in /opt/airflow/dags
[2026-03-10T10:24:35.886+0000] {manager.py:997} INFO - 
================================================================================
DAG File Processing Stats

File Path                            PID    Runtime      # DAGs    # Errors  Last Runtime    Last Run               Last # of DB Queries
-----------------------------------  -----  ---------  --------  ----------  --------------  -------------------  ----------------------
/opt/airflow/dags/empty_pipeline.py                           1           0  0.46s           2026-03-10T10:24:33                      24
================================================================================
[2026-03-10T10:25:06.591+0000] {manager.py:997} INFO - 
================================================================================
DAG File Processing Stats

File Path                            PID    Runtime      # DAGs    # Errors  Last Runtime    Last Run               Last # of DB Queries
-----------------------------------  -----  ---------  --------  ----------  --------------  -------------------  ----------------------
/opt/airflow/dags/empty_pipeline.py                           1           0  0.76s           2026-03-10T10:25:04                      10
================================================================================
[2026-03-10T10:25:37.682+0000] {manager.py:997} INFO - 
================================================================================
DAG File Processing Stats

File Path                            PID    Runtime      # DAGs    # Errors  Last Runtime    Last Run               Last # of DB Queries
-----------------------------------  -----  ---------  --------  ----------  --------------  -------------------  ----------------------
/opt/airflow/dags/empty_pipeline.py                           1           0  0.16s           2026-03-10T10:25:35                      10
================================================================================
[2026-03-10T10:26:08.207+0000] {manager.py:997} INFO - 
================================================================================
DAG File Processing Stats

File Path                            PID    Runtime      # DAGs    # Errors  Last Runtime    Last Run               Last # of DB Queries
-----------------------------------  -----  ---------  --------  ----------  --------------  -------------------  ----------------------
/opt/airflow/dags/empty_pipeline.py                           1           0  0.17s           2026-03-10T10:26:06                      10
================================================================================
[2026-03-10T10:26:38.438+0000] {manager.py:997} INFO - 
================================================================================
DAG File Processing Stats

File Path                            PID    Runtime      # DAGs    # Errors  Last Runtime    Last Run               Last # of DB Queries
-----------------------------------  -----  ---------  --------  ----------  --------------  -------------------  ----------------------
/opt/airflow/dags/empty_pipeline.py                           1           0  0.88s           2026-03-10T10:26:32                      20
================================================================================
[2026-03-10T10:27:08.772+0000] {manager.py:997} INFO - 
================================================================================
DAG File Processing Stats

File Path                            PID    Runtime      # DAGs    # Errors  Last Runtime    Last Run               Last # of DB Queries
-----------------------------------  -----  ---------  --------  ----------  --------------  -------------------  ----------------------
/opt/airflow/dags/empty_pipeline.py                           1           0  0.18s           2026-03-10T10:27:02                      10
================================================================================
[2026-03-10T10:27:39.196+0000] {manager.py:997} INFO - 
================================================================================
DAG File Processing Stats

File Path                            PID    Runtime      # DAGs    # Errors  Last Runtime    Last Run               Last # of DB Queries
-----------------------------------  -----  ---------  --------  ----------  --------------  -------------------  ----------------------
/opt/airflow/dags/empty_pipeline.py                           1           0  0.19s           2026-03-10T10:27:33                      10
================================================================================
[2026-03-10T10:28:09.560+0000] {manager.py:997} INFO - 
================================================================================
DAG File Processing Stats

File Path                            PID    Runtime      # DAGs    # Errors  Last Runtime    Last Run               Last # of DB Queries
-----------------------------------  -----  ---------  --------  ----------  --------------  -------------------  ----------------------
/opt/airflow/dags/empty_pipeline.py                           1           0  0.17s           2026-03-10T10:28:03                      10
================================================================================
[2026-03-10T10:28:40.036+0000] {manager.py:997} INFO - 
================================================================================
DAG File Processing Stats

File Path                            PID    Runtime      # DAGs    # Errors  Last Runtime    Last Run               Last # of DB Queries
-----------------------------------  -----  ---------  --------  ----------  --------------  -------------------  ----------------------
/opt/airflow/dags/empty_pipeline.py                           1           0  0.22s           2026-03-10T10:28:34                      10
================================================================================
[2026-03-10T10:29:10.384+0000] {manager.py:997} INFO - 
================================================================================
DAG File Processing Stats

File Path                            PID    Runtime      # DAGs    # Errors  Last Runtime    Last Run               Last # of DB Queries
-----------------------------------  -----  ---------  --------  ----------  --------------  -------------------  ----------------------
/opt/airflow/dags/empty_pipeline.py                           1           0  0.22s           2026-03-10T10:29:04                      10
================================================================================
[2026-03-10T10:29:33.605+0000] {manager.py:821} INFO - Searching for files in /opt/airflow/dags
[2026-03-10T10:29:33.611+0000] {manager.py:824} INFO - There are 1 files in /opt/airflow/dags
[2026-03-10T10:29:40.399+0000] {manager.py:997} INFO - 
================================================================================
DAG File Processing Stats

File Path                            PID    Runtime      # DAGs    # Errors  Last Runtime    Last Run               Last # of DB Queries
-----------------------------------  -----  ---------  --------  ----------  --------------  -------------------  ----------------------
/opt/airflow/dags/empty_pipeline.py                           1           0  0.44s           2026-03-10T10:29:39                      20
================================================================================
[2026-03-10T10:30:11.253+0000] {manager.py:997} INFO - 
================================================================================
DAG File Processing Stats

File Path                            PID    Runtime      # DAGs    # Errors  Last Runtime    Last Run               Last # of DB Queries
-----------------------------------  -----  ---------  --------  ----------  --------------  -------------------  ----------------------
/opt/airflow/dags/empty_pipeline.py                           1           0  0.22s           2026-03-10T10:29:43                       9
================================================================================
[2026-03-10T10:30:41.607+0000] {manager.py:997} INFO - 
================================================================================
DAG File Processing Stats

File Path                            PID    Runtime      # DAGs    # Errors  Last Runtime    Last Run               Last # of DB Queries
-----------------------------------  -----  ---------  --------  ----------  --------------  -------------------  ----------------------
/opt/airflow/dags/empty_pipeline.py                           1           0  1.12s           2026-03-10T10:30:14                      20
================================================================================
[2026-03-10T10:31:11.956+0000] {manager.py:997} INFO - 
================================================================================
DAG File Processing Stats

File Path                            PID    Runtime      # DAGs    # Errors  Last Runtime    Last Run               Last # of DB Queries
-----------------------------------  -----  ---------  --------  ----------  --------------  -------------------  ----------------------
/opt/airflow/dags/empty_pipeline.py                           1           0  0.38s           2026-03-10T10:30:45                      10
================================================================================
